<?xml version="1.0" encoding="UTF-8"?>
<Site BuildName="Linux-g++"
	BuildStamp="20230510-0802-Experimental"
	Name="jaeyun-HP-Z1-Entry-Tower-G6"
	Generator="ctest-3.26.3"
	CompilerName="/usr/bin/g++"
	CompilerVersion="9.4.0"
	OSName="Linux"
	Hostname="jaeyun-HP-Z1-Entry-Tower-G6"
	OSRelease="5.15.0-69-generic"
	OSVersion="#76~20.04.1-Ubuntu SMP Mon Mar 20 15:54:19 UTC 2023"
	OSPlatform="x86_64"
	Is64Bits="1"
	VendorString="GenuineIntel"
	VendorID="Intel Corporation"
	FamilyID="6"
	ModelID="165"
	ProcessorCacheSize="16384"
	NumberOfLogicalCPU="16"
	NumberOfPhysicalCPU="8"
	TotalVirtualMemory="2047"
	TotalPhysicalMemory="31880"
	LogicalProcessorsPerPhysical="2"
	ProcessorClockFrequency="2900"
	>
	<Testing>
		<StartDateTime>May 10 10:02 CEST</StartDateTime>
		<StartTestTime>1683705761</StartTestTime>
		<TestList/>
		<EndDateTime>May 10 10:02 CEST</EndDateTime>
		<EndTestTime>1683705761</EndTestTime>
		<ElapsedMinutes>0</ElapsedMinutes>
	</Testing>
</Site>
